::1 - - [26/Mar/2021:01:46:14 +0000] "GET /api/users HTTP/1.1" 304 - "-" "Mozilla/5.0 (Macintosh; Intel Mac OS X 10_15_7) AppleWebKit/537.36 (KHTML, like Gecko) Chrome/89.0.4389.82 Safari/537.36"
::1 - - [26/Mar/2021:01:46:26 +0000] "GET /api/users HTTP/1.1" 304 - "-" "Mozilla/5.0 (Macintosh; Intel Mac OS X 10_15_7) AppleWebKit/537.36 (KHTML, like Gecko) Chrome/89.0.4389.82 Safari/537.36"
::1 - - [26/Mar/2021:01:46:27 +0000] "GET /api/users HTTP/1.1" 304 - "-" "Mozilla/5.0 (Macintosh; Intel Mac OS X 10_15_7) AppleWebKit/537.36 (KHTML, like Gecko) Chrome/89.0.4389.82 Safari/537.36"
::1 - - [26/Mar/2021:01:51:01 +0000] "GET /api/users HTTP/1.1" 304 - "-" "Mozilla/5.0 (Macintosh; Intel Mac OS X 10_15_7) AppleWebKit/537.36 (KHTML, like Gecko) Chrome/89.0.4389.82 Safari/537.36"
::1 - - [07/Apr/2021:00:04:55 +0000] "POST /api/users HTTP/1.1" 200 26 "-" "PostmanRuntime/7.26.3"
::1 - - [07/Apr/2021:00:05:19 +0000] "GET /api/users HTTP/1.1" 200 173 "-" "PostmanRuntime/7.26.3"
::1 - - [07/Apr/2021:00:06:22 +0000] "POST /api/users HTTP/1.1" 200 26 "-" "PostmanRuntime/7.26.3"
::1 - - [07/Apr/2021:00:06:27 +0000] "POST /api/users HTTP/1.1" 200 56 "-" "PostmanRuntime/7.26.3"
::1 - - [07/Apr/2021:00:07:26 +0000] "POST /api/users HTTP/1.1" 200 106 "-" "PostmanRuntime/7.26.3"
::1 - - [07/Apr/2021:00:07:34 +0000] "POST /api/users HTTP/1.1" 200 82 "-" "PostmanRuntime/7.26.3"
::1 - - [07/Apr/2021:00:07:50 +0000] "POST /api/users HTTP/1.1" 200 63 "-" "PostmanRuntime/7.26.3"
::1 - - [07/Apr/2021:00:07:59 +0000] "POST /api/users HTTP/1.1" 200 48 "-" "PostmanRuntime/7.26.3"
::1 - - [07/Apr/2021:00:08:07 +0000] "POST /api/users HTTP/1.1" 200 32 "-" "PostmanRuntime/7.26.3"
::1 - - [07/Apr/2021:00:08:28 +0000] "POST /api/users HTTP/1.1" 200 281 "-" "PostmanRuntime/7.26.3"
::1 - - [07/Apr/2021:00:45:24 +0000] "GET /api/users HTTP/1.1" 200 173 "-" "PostmanRuntime/7.26.3"
::1 - - [07/Apr/2021:00:45:38 +0000] "POST /api/users/login HTTP/1.1" 200 29 "-" "PostmanRuntime/7.26.3"
::1 - - [07/Apr/2021:00:45:54 +0000] "POST /api/users/login HTTP/1.1" 200 147 "-" "PostmanRuntime/7.26.3"
::1 - - [07/Apr/2021:00:57:44 +0000] "GET /api/users HTTP/1.1" 500 1393 "-" "PostmanRuntime/7.26.3"
::1 - - [07/Apr/2021:00:58:07 +0000] "POST /api/users/login HTTP/1.1" 200 147 "-" "PostmanRuntime/7.26.3"
::1 - - [07/Apr/2021:00:58:53 +0000] "GET /api/users HTTP/1.1" 200 173 "-" "PostmanRuntime/7.26.3"
::1 - - [07/Apr/2021:00:59:00 +0000] "GET /api/users HTTP/1.1" 500 1386 "-" "PostmanRuntime/7.26.3"
::1 - - [07/Apr/2021:00:59:04 +0000] "GET /api/users HTTP/1.1" 200 173 "-" "PostmanRuntime/7.26.3"
::1 - - [07/Apr/2021:01:14:27 +0000] "GET /api/users HTTP/1.1" 500 1393 "-" "PostmanRuntime/7.26.3"
::1 - - [07/Apr/2021:01:14:50 +0000] "GET /api/users HTTP/1.1" 200 173 "-" "PostmanRuntime/7.26.3"
::1 - - [07/Apr/2021:01:18:00 +0000] "GET /api/users HTTP/1.1" 200 31 "-" "PostmanRuntime/7.26.3"
::1 - - [07/Apr/2021:01:18:08 +0000] "GET /api/users HTTP/1.1" 200 173 "-" "PostmanRuntime/7.26.3"
::1 - - [07/Apr/2021:01:24:48 +0000] "GET /api/users HTTP/1.1" 200 173 "-" "PostmanRuntime/7.26.3"
::1 - - [07/Apr/2021:01:30:48 +0000] "GET /api/users HTTP/1.1" 200 173 "-" "PostmanRuntime/7.26.3"
::1 - - [07/Apr/2021:01:33:34 +0000] "POST /api/tweets HTTP/1.1" 200 75 "-" "PostmanRuntime/7.26.3"
::1 - - [07/Apr/2021:01:34:05 +0000] "POST /api/tweets HTTP/1.1" 200 147 "-" "PostmanRuntime/7.26.3"
::1 - - [07/Apr/2021:01:37:24 +0000] "POST /api/tweets HTTP/1.1" 200 63 "-" "PostmanRuntime/7.26.3"
::1 - - [07/Apr/2021:01:37:42 +0000] "POST /api/tweets HTTP/1.1" 200 31 "-" "PostmanRuntime/7.26.3"
::1 - - [07/Apr/2021:01:37:47 +0000] "POST /api/tweets HTTP/1.1" 200 125 "-" "PostmanRuntime/7.26.3"
::1 - - [07/Apr/2021:01:41:00 +0000] "POST /api/tweets HTTP/1.1" 200 26 "-" "PostmanRuntime/7.26.3"
::1 - - [07/Apr/2021:01:41:11 +0000] "POST /api/tweets HTTP/1.1" 200 31 "-" "PostmanRuntime/7.26.3"
::1 - - [07/Apr/2021:01:41:19 +0000] "POST /api/tweets HTTP/1.1" 200 68 "-" "PostmanRuntime/7.26.3"
::1 - - [07/Apr/2021:01:41:30 +0000] "POST /api/tweets HTTP/1.1" 200 38 "-" "PostmanRuntime/7.26.3"
::1 - - [07/Apr/2021:01:41:37 +0000] "POST /api/tweets HTTP/1.1" 200 135 "-" "PostmanRuntime/7.26.3"
::1 - - [07/Apr/2021:01:43:07 +0000] "POST /api/tweets HTTP/1.1" 200 26 "-" "PostmanRuntime/7.26.3"
::1 - - [07/Apr/2021:01:44:51 +0000] "POST /api/users HTTP/1.1" 200 281 "-" "PostmanRuntime/7.26.3"
::1 - - [07/Apr/2021:01:44:53 +0000] "POST /api/users HTTP/1.1" 500 47 "-" "PostmanRuntime/7.26.3"
::1 - - [07/Apr/2021:01:47:09 +0000] "GET /api/users HTTP/1.1" 200 173 "-" "PostmanRuntime/7.26.3"
::1 - - [07/Apr/2021:02:03:41 +0000] "GET /api/weather/Barranquilla HTTP/1.1" 200 2 "-" "PostmanRuntime/7.26.3"
::1 - - [07/Apr/2021:02:03:51 +0000] "GET /api/weather/Bogota HTTP/1.1" 200 2 "-" "PostmanRuntime/7.26.3"
::1 - - [07/Apr/2021:02:03:56 +0000] "GET /api/weather/Madrid HTTP/1.1" 200 4 "-" "PostmanRuntime/7.26.3"
::1 - - [07/Apr/2021:02:04:02 +0000] "GET /api/weather/Madrid1 HTTP/1.1" - - "-" "PostmanRuntime/7.26.3"
::1 - - [08/Apr/2021:23:51:19 +0000] "GET /api/users HTTP/1.1" 200 173 "-" "PostmanRuntime/7.26.3"
::1 - - [08/Apr/2021:23:52:06 +0000] "DELETE /api/users HTTP/1.1" 404 151 "-" "PostmanRuntime/7.26.3"
::1 - - [08/Apr/2021:23:52:35 +0000] "DELETE /api/users HTTP/1.1" 401 33 "-" "PostmanRuntime/7.26.3"
::1 - - [08/Apr/2021:23:52:55 +0000] "POST /api/users/login HTTP/1.1" 200 147 "-" "PostmanRuntime/7.26.3"
::1 - - [08/Apr/2021:23:53:15 +0000] "DELETE /api/users HTTP/1.1" 200 88 "-" "PostmanRuntime/7.26.3"
::1 - - [08/Apr/2021:23:53:51 +0000] "GET /api/users HTTP/1.1" 200 173 "-" "PostmanRuntime/7.26.3"
::1 - - [08/Apr/2021:23:53:53 +0000] "DELETE /api/users HTTP/1.1" 200 86 "-" "PostmanRuntime/7.26.3"
::1 - - [08/Apr/2021:23:54:07 +0000] "POST /api/users HTTP/1.1" 201 194 "-" "PostmanRuntime/7.26.3"
::1 - - [08/Apr/2021:23:54:16 +0000] "DELETE /api/users HTTP/1.1" 200 194 "-" "PostmanRuntime/7.26.3"
::1 - - [08/Apr/2021:23:54:18 +0000] "DELETE /api/users HTTP/1.1" 200 194 "-" "PostmanRuntime/7.26.3"
::1 - - [08/Apr/2021:23:54:19 +0000] "DELETE /api/users HTTP/1.1" 200 194 "-" "PostmanRuntime/7.26.3"
::1 - - [08/Apr/2021:23:54:21 +0000] "DELETE /api/users HTTP/1.1" 200 194 "-" "PostmanRuntime/7.26.3"
::1 - - [09/Apr/2021:01:44:13 +0000] "GET /api/users HTTP/1.1" 200 173 "-" "PostmanRuntime/7.26.3"
::1 - - [09/Apr/2021:01:44:20 +0000] "GET /api/users HTTP/1.1" 401 33 "-" "PostmanRuntime/7.26.3"
::1 - - [09/Apr/2021:01:44:27 +0000] "GET /api/users HTTP/1.1" 200 173 "-" "PostmanRuntime/7.26.3"
::1 - - [09/Apr/2021:01:45:31 +0000] "GET /api/users HTTP/1.1" 200 173 "-" "PostmanRuntime/7.26.3"
::1 - - [09/Apr/2021:01:45:36 +0000] "GET /api/users HTTP/1.1" 401 33 "-" "PostmanRuntime/7.26.3"
::1 - - [09/Apr/2021:01:47:21 +0000] "GET /api/users HTTP/1.1" 401 28 "-" "PostmanRuntime/7.26.3"
::1 - - [09/Apr/2021:01:47:27 +0000] "GET /api/users HTTP/1.1" 401 33 "-" "PostmanRuntime/7.26.3"
::1 - - [09/Apr/2021:01:50:47 +0000] "GET /api/users HTTP/1.1" 500 1367 "-" "PostmanRuntime/7.26.3"
::1 - - [09/Apr/2021:01:51:27 +0000] "GET /api/users HTTP/1.1" - - "-" "PostmanRuntime/7.26.3"
::1 - - [09/Apr/2021:01:51:55 +0000] "GET /api/users HTTP/1.1" 401 33 "-" "PostmanRuntime/7.26.3"
::1 - - [09/Apr/2021:01:52:03 +0000] "GET /api/users HTTP/1.1" 401 28 "-" "PostmanRuntime/7.26.3"
::1 - - [09/Apr/2021:01:52:09 +0000] "GET /api/users HTTP/1.1" 401 33 "-" "PostmanRuntime/7.26.3"
::1 - - [16/Apr/2021:01:21:22 +0000] "GET /api/users HTTP/1.1" 200 351 "-" "PostmanRuntime/7.26.3"
::1 - - [16/Apr/2021:01:22:23 +0000] "GET /api/users HTTP/1.1" 200 186 "-" "PostmanRuntime/7.26.3"
::1 - - [16/Apr/2021:01:24:33 +0000] "GET /api/users HTTP/1.1" 200 186 "-" "PostmanRuntime/7.26.3"
::1 - - [16/Apr/2021:01:24:47 +0000] "GET /api/users HTTP/1.1" 200 351 "-" "PostmanRuntime/7.26.3"
::1 - - [16/Apr/2021:01:25:14 +0000] "GET /api/users HTTP/1.1" 200 186 "-" "PostmanRuntime/7.26.3"
::1 - - [16/Apr/2021:01:39:21 +0000] "GET /api/users HTTP/1.1" 200 186 "-" "PostmanRuntime/7.26.3"
::1 - - [16/Apr/2021:01:39:47 +0000] "POST /api/users HTTP/1.1" 500 2103 "-" "PostmanRuntime/7.26.3"
::1 - - [16/Apr/2021:01:41:44 +0000] "POST /api/users HTTP/1.1" 500 2103 "-" "PostmanRuntime/7.26.3"
::1 - - [16/Apr/2021:01:52:25 +0000] "POST /api/users HTTP/1.1" 200 266 "-" "PostmanRuntime/7.26.3"
::1 - - [16/Apr/2021:01:52:47 +0000] "POST /api/users HTTP/1.1" 200 347 "-" "PostmanRuntime/7.26.3"
::1 - - [16/Apr/2021:01:53:19 +0000] "POST /api/users HTTP/1.1" 200 430 "-" "PostmanRuntime/7.26.3"
::1 - - [16/Apr/2021:01:53:40 +0000] "POST /api/users HTTP/1.1" 500 2103 "-" "PostmanRuntime/7.26.3"
::1 - - [16/Apr/2021:01:54:17 +0000] "POST /api/users HTTP/1.1" 500 2103 "-" "PostmanRuntime/7.26.3"
::1 - - [16/Apr/2021:01:55:24 +0000] "POST /api/users HTTP/1.1" 200 513 "-" "PostmanRuntime/7.26.3"
